<?xml version="1.0" encoding="UTF-8"?>
<!-- Generated by org.testng.reporters.JUnitXMLReporter -->
<testsuite ignored="0" hostname="Pro-Lingeaswaraan" failures="0" tests="9" name="Default test" time="28.251" errors="0" timestamp="2022-07-24T19:51:29 IST">
  <testcase classname="emps.EmpsTestCaseLoginPage" name="testCase1" time="1.764"/>
  <testcase classname="emps.EmpsTestCaseLoginPage" name="testCase2" time="0.27"/>
  <testcase classname="emps.EmpsTestCaseLoginPage" name="testCase3" time="0.206"/>
  <testcase classname="emps.EmpsTestCaseLoginPage" name="testCase4" time="0.196"/>
  <testcase classname="emps.EmpsTestCaseLoginPage" name="testcase5" time="0.202"/>
  <testcase classname="emps.EmpsTestCaseLoginPage" name="testCase6" time="0.194"/>
  <testcase classname="emps.EmpsTestCaseLoginPage" name="testCase7" time="0.188"/>
  <testcase classname="emps.EmpsTestCaseLoginPage" name="testCase8" time="0.119"/>
  <testcase classname="emps.EmpsTestCaseLoginPage" name="testCase9" time="0.499"/>
</testsuite> <!-- Default test -->
