<?xml version="1.0" encoding="UTF-8"?>
<!-- Generated by org.testng.reporters.JUnitXMLReporter -->
<testsuite ignored="0" hostname="Pro-Lingeaswaraan" failures="0" tests="9" name="LoginScenario" time="52.492" errors="0" timestamp="2022-07-24T15:06:53 IST">
  <testcase classname="emps.EmpsTestCaseHomepage" name="testcase1" time="2.167"/>
  <testcase classname="emps.EmpsTestCaseLoginPage" name="testCase1" time="1.729"/>
  <testcase classname="emps.EmpsTestCaseLoginPage" name="testCase2" time="0.245"/>
  <testcase classname="emps.EmpsTestCaseLoginPage" name="testCase3" time="0.195"/>
  <testcase classname="emps.EmpsTestCaseLoginPage" name="testCase4" time="0.253"/>
  <testcase classname="emps.EmpsTestCaseLoginPage" name="testcase5" time="0.187"/>
  <testcase classname="emps.EmpsTestCaseLoginPage" name="testCase6" time="0.19"/>
  <testcase classname="emps.EmpsTestCaseLoginPage" name="testCase7" time="0.163"/>
  <testcase classname="emps.EmpsTestCaseLoginPage" name="testCase8" time="0.102"/>
</testsuite> <!-- LoginScenario -->
